<?xml version="1.0" encoding="UTF-8"?>
<!-- Generated by org.testng.reporters.JUnitReportReporter -->
<testsuite skipped="0" hostname="DESKTOP-C37E15E" name="AmazonTest.Amazon.AmaTest" tests="1" failures="0" timestamp="29 Aug 2020 16:37:54 GMT" time="20.119" errors="0">
  <testcase name="normal" time="20.119" classname="AmazonTest.Amazon.AmaTest"/>
</testsuite> <!-- AmazonTest.Amazon.AmaTest -->
